Arguments: 
  C:\Program Files\nodejs\node.exe C:\Users\Norman\AppData\Roaming\npm\node_modules\yarn\bin\yarn.js init

PATH: 
  C:\Users\Norman\bin;C:\Program Files\Git\mingw64\bin;C:\Program Files\Git\usr\local\bin;C:\Program Files\Git\usr\bin;C:\Program Files\Git\usr\bin;C:\Program Files\Git\mingw64\bin;C:\Program Files\Git\usr\bin;C:\Users\Norman\bin;C:\Program Files (x86)\Intel\iCLS Client;C:\Program Files\Intel\iCLS Client;C:\Windows\system32;C:\Windows;C:\Windows\System32\Wbem;C:\Windows\System32\WindowsPowerShell\v1.0;C:\Program Files (x86)\NVIDIA Corporation\PhysX\Common;C:\Program Files\MongoDB\Server\3.4\bin;C:\Users\Norman\AppData\Roaming\npm;C:\Program Files (x86)\Brackets\command;C:\Program Files\Git\cmd;C:\Program Files (x86)\Intel\Intel(R) Management Engine Components\DAL;C:\Program Files\Intel\Intel(R) Management Engine Components\DAL;C:\Program Files (x86)\Intel\Intel(R) Management Engine Components\IPT;C:\Program Files\Intel\Intel(R) Management Engine Components\IPT;C:\Program Files\nodejs;C:\Users\Norman\AppData\Local\Programs\Python\Python36-32\Scripts;C:\Users\Norman\AppData\Local\Programs\Python\Python36-32;C:\Users\Norman\AppData\Local\Microsoft\WindowsApps;C:\Users\Norman\AppData\Roaming\npm;C:\Program Files\Git\usr\bin\vendor_perl;C:\Program Files\Git\usr\bin\core_perl

Yarn version: 
  1.2.1

Node version: 
  8.7.0

Platform: 
  win32 x64

npm manifest: 
  No manifest

yarn manifest: 
  No manifest

Lockfile: 
  No lockfile

Trace: 
  Error: Can't answer a question unless a user TTY
      at ConsoleReporter.question (C:\Users\Norman\AppData\Roaming\npm\node_modules\yarn\lib\cli.js:87242:59)
      at Object.<anonymous> (C:\Users\Norman\AppData\Roaming\npm\node_modules\yarn\lib\cli.js:81759:38)
      at Generator.next (<anonymous>)
      at step (C:\Users\Norman\AppData\Roaming\npm\node_modules\yarn\lib\cli.js:92:30)
      at C:\Users\Norman\AppData\Roaming\npm\node_modules\yarn\lib\cli.js:103:13
      at <anonymous>
